<?xml version="1.0" encoding="UTF-8"?>
<!-- Generated by org.testng.reporters.JUnitXMLReporter -->
<testsuite ignored="0" hostname="ILYES" failures="1" tests="8" name="Surefire test" time="14.975" errors="0" timestamp="2026-05-06T15:58:55 CET">
  <testcase classname="suites.herapp.TestHerappSuite" name="testLoginSuccess" time="2.292"/>
  <testcase classname="suites.herapp.TestHerappSuite" name="testLoginFailure" time="1.722"/>
  <testcase classname="suites.herapp.TestHerappSuite" name="testCheckbox" time="1.462"/>
  <testcase classname="suites.herapp.TestHerappSuite" name="testFileUpload" time="1.579"/>
  <testcase classname="suites.herapp.TestHerappSuite" name="testSecurePageAfterLogin" time="1.896"/>
  <testcase classname="suites.herapp.TestHerappSuite" name="testLogout" time="2.276"/>
  <testcase classname="suites.herapp.TestHerappSuite" name="testDropdown" time="2.539"/>
  <testcase classname="suites.herapp.TestHerappSuite" name="testPageNotFound" time="0.598">
    <failure type="java.lang.AssertionError" message="expected [true] but found [false]">
      <![CDATA[java.lang.AssertionError: expected [true] but found [false]
at suites.herapp.TestHerappSuite.testPageNotFound(TestHerappSuite.java:128)
at java.base/java.util.ArrayList.forEach(ArrayList.java:1511)
... Removed 36 stack frames]]>
    </failure>
  </testcase> <!-- testPageNotFound -->
</testsuite> <!-- Surefire test -->
