<?xml version="1.0" encoding="UTF-8"?>
<!-- Generated by org.testng.reporters.JUnitXMLReporter -->
<testsuite ignored="0" hostname="ILYES" failures="0" tests="8" name="Surefire test" time="13.748" errors="0" timestamp="2026-05-07T15:06:10 CET">
  <testcase classname="suites.herapp.TestHerappSuite" name="testLoginSuccess" time="2.276"/>
  <testcase classname="suites.herapp.TestHerappSuite" name="testLoginFailure" time="1.779"/>
  <testcase classname="suites.herapp.TestHerappSuite" name="testCheckbox" time="1.502"/>
  <testcase classname="suites.herapp.TestHerappSuite" name="testFileUpload" time="1.575"/>
  <testcase classname="suites.herapp.TestHerappSuite" name="testSecurePageAfterLogin" time="1.889"/>
  <testcase classname="suites.herapp.TestHerappSuite" name="testLogout" time="2.067"/>
  <testcase classname="suites.herapp.TestHerappSuite" name="testDropdown" time="1.486"/>
  <testcase classname="suites.herapp.TestHerappSuite" name="testPageNotFound" time="0.556"/>
</testsuite> <!-- Surefire test -->
