<?xml version="1.0" encoding="UTF-8"?>
<testng-results ignored="0" total="8" passed="7" failed="1" skipped="0">
  <reporter-output>
  </reporter-output>
  <suite started-at="2026-05-06T15:58:40 CET" name="Surefire suite" finished-at="2026-05-06T15:58:55 CET" duration-ms="14975">
    <groups>
    </groups>
    <test started-at="2026-05-06T15:58:40 CET" name="Surefire test" finished-at="2026-05-06T15:58:55 CET" duration-ms="14975">
      <class name="suites.herapp.TestHerappSuite">
        <test-method is-config="true" signature="setUp()[pri:0, instance:suites.herapp.TestHerappSuite@4313f5bc]" started-at="2026-05-06T15:58:40 CET" name="setUp" finished-at="2026-05-06T15:58:40 CET" duration-ms="517" status="PASS">
          <reporter-output>
          </reporter-output>
        </test-method> <!-- setUp -->
        <test-method signature="testLoginSuccess()[pri:1, instance:suites.herapp.TestHerappSuite@4313f5bc]" started-at="2026-05-06T15:58:40 CET" name="testLoginSuccess" finished-at="2026-05-06T15:58:42 CET" duration-ms="2292" status="PASS">
          <reporter-output>
          </reporter-output>
        </test-method> <!-- testLoginSuccess -->
        <test-method is-config="true" signature="tearDown()[pri:0, instance:suites.herapp.TestHerappSuite@4313f5bc]" started-at="2026-05-06T15:58:42 CET" name="tearDown" finished-at="2026-05-06T15:58:42 CET" duration-ms="4" status="PASS">
          <reporter-output>
          </reporter-output>
        </test-method> <!-- tearDown -->
        <test-method is-config="true" signature="setUp()[pri:0, instance:suites.herapp.TestHerappSuite@4313f5bc]" started-at="2026-05-06T15:58:42 CET" name="setUp" finished-at="2026-05-06T15:58:42 CET" duration-ms="7" status="PASS">
          <reporter-output>
          </reporter-output>
        </test-method> <!-- setUp -->
        <test-method signature="testLoginFailure()[pri:2, instance:suites.herapp.TestHerappSuite@4313f5bc]" started-at="2026-05-06T15:58:42 CET" name="testLoginFailure" finished-at="2026-05-06T15:58:44 CET" duration-ms="1722" status="PASS">
          <reporter-output>
          </reporter-output>
        </test-method> <!-- testLoginFailure -->
        <test-method is-config="true" signature="tearDown()[pri:0, instance:suites.herapp.TestHerappSuite@4313f5bc]" started-at="2026-05-06T15:58:44 CET" name="tearDown" finished-at="2026-05-06T15:58:44 CET" duration-ms="3" status="PASS">
          <reporter-output>
          </reporter-output>
        </test-method> <!-- tearDown -->
        <test-method is-config="true" signature="setUp()[pri:0, instance:suites.herapp.TestHerappSuite@4313f5bc]" started-at="2026-05-06T15:58:44 CET" name="setUp" finished-at="2026-05-06T15:58:44 CET" duration-ms="11" status="PASS">
          <reporter-output>
          </reporter-output>
        </test-method> <!-- setUp -->
        <test-method signature="testCheckbox()[pri:3, instance:suites.herapp.TestHerappSuite@4313f5bc]" started-at="2026-05-06T15:58:44 CET" name="testCheckbox" finished-at="2026-05-06T15:58:46 CET" duration-ms="1462" status="PASS">
          <reporter-output>
          </reporter-output>
        </test-method> <!-- testCheckbox -->
        <test-method is-config="true" signature="tearDown()[pri:0, instance:suites.herapp.TestHerappSuite@4313f5bc]" started-at="2026-05-06T15:58:46 CET" name="tearDown" finished-at="2026-05-06T15:58:46 CET" duration-ms="1" status="PASS">
          <reporter-output>
          </reporter-output>
        </test-method> <!-- tearDown -->
        <test-method is-config="true" signature="setUp()[pri:0, instance:suites.herapp.TestHerappSuite@4313f5bc]" started-at="2026-05-06T15:58:46 CET" name="setUp" finished-at="2026-05-06T15:58:46 CET" duration-ms="6" status="PASS">
          <reporter-output>
          </reporter-output>
        </test-method> <!-- setUp -->
        <test-method signature="testFileUpload()[pri:4, instance:suites.herapp.TestHerappSuite@4313f5bc]" started-at="2026-05-06T15:58:46 CET" name="testFileUpload" finished-at="2026-05-06T15:58:47 CET" duration-ms="1579" status="PASS">
          <reporter-output>
          </reporter-output>
        </test-method> <!-- testFileUpload -->
        <test-method is-config="true" signature="tearDown()[pri:0, instance:suites.herapp.TestHerappSuite@4313f5bc]" started-at="2026-05-06T15:58:47 CET" name="tearDown" finished-at="2026-05-06T15:58:47 CET" duration-ms="1" status="PASS">
          <reporter-output>
          </reporter-output>
        </test-method> <!-- tearDown -->
        <test-method is-config="true" signature="setUp()[pri:0, instance:suites.herapp.TestHerappSuite@4313f5bc]" started-at="2026-05-06T15:58:47 CET" name="setUp" finished-at="2026-05-06T15:58:47 CET" duration-ms="5" status="PASS">
          <reporter-output>
          </reporter-output>
        </test-method> <!-- setUp -->
        <test-method signature="testSecurePageAfterLogin()[pri:5, instance:suites.herapp.TestHerappSuite@4313f5bc]" started-at="2026-05-06T15:58:47 CET" name="testSecurePageAfterLogin" finished-at="2026-05-06T15:58:49 CET" duration-ms="1896" status="PASS">
          <reporter-output>
          </reporter-output>
        </test-method> <!-- testSecurePageAfterLogin -->
        <test-method is-config="true" signature="tearDown()[pri:0, instance:suites.herapp.TestHerappSuite@4313f5bc]" started-at="2026-05-06T15:58:49 CET" name="tearDown" finished-at="2026-05-06T15:58:49 CET" duration-ms="1" status="PASS">
          <reporter-output>
          </reporter-output>
        </test-method> <!-- tearDown -->
        <test-method is-config="true" signature="setUp()[pri:0, instance:suites.herapp.TestHerappSuite@4313f5bc]" started-at="2026-05-06T15:58:49 CET" name="setUp" finished-at="2026-05-06T15:58:49 CET" duration-ms="12" status="PASS">
          <reporter-output>
          </reporter-output>
        </test-method> <!-- setUp -->
        <test-method signature="testLogout()[pri:6, instance:suites.herapp.TestHerappSuite@4313f5bc]" started-at="2026-05-06T15:58:49 CET" name="testLogout" finished-at="2026-05-06T15:58:51 CET" duration-ms="2276" status="PASS">
          <reporter-output>
          </reporter-output>
        </test-method> <!-- testLogout -->
        <test-method is-config="true" signature="tearDown()[pri:0, instance:suites.herapp.TestHerappSuite@4313f5bc]" started-at="2026-05-06T15:58:51 CET" name="tearDown" finished-at="2026-05-06T15:58:51 CET" duration-ms="1" status="PASS">
          <reporter-output>
          </reporter-output>
        </test-method> <!-- tearDown -->
        <test-method is-config="true" signature="setUp()[pri:0, instance:suites.herapp.TestHerappSuite@4313f5bc]" started-at="2026-05-06T15:58:51 CET" name="setUp" finished-at="2026-05-06T15:58:51 CET" duration-ms="4" status="PASS">
          <reporter-output>
          </reporter-output>
        </test-method> <!-- setUp -->
        <test-method signature="testDropdown()[pri:7, instance:suites.herapp.TestHerappSuite@4313f5bc]" started-at="2026-05-06T15:58:51 CET" name="testDropdown" finished-at="2026-05-06T15:58:54 CET" duration-ms="2539" status="PASS">
          <reporter-output>
          </reporter-output>
        </test-method> <!-- testDropdown -->
        <test-method is-config="true" signature="tearDown()[pri:0, instance:suites.herapp.TestHerappSuite@4313f5bc]" started-at="2026-05-06T15:58:54 CET" name="tearDown" finished-at="2026-05-06T15:58:54 CET" duration-ms="1" status="PASS">
          <reporter-output>
          </reporter-output>
        </test-method> <!-- tearDown -->
        <test-method is-config="true" signature="setUp()[pri:0, instance:suites.herapp.TestHerappSuite@4313f5bc]" started-at="2026-05-06T15:58:54 CET" name="setUp" finished-at="2026-05-06T15:58:54 CET" duration-ms="4" status="PASS">
          <reporter-output>
          </reporter-output>
        </test-method> <!-- setUp -->
        <test-method signature="testPageNotFound()[pri:8, instance:suites.herapp.TestHerappSuite@4313f5bc]" started-at="2026-05-06T15:58:54 CET" name="testPageNotFound" finished-at="2026-05-06T15:58:55 CET" duration-ms="598" status="FAIL">
          <exception class="java.lang.AssertionError">
            <message>
              <![CDATA[expected [true] but found [false]]]>
            </message>
            <full-stacktrace>
              <![CDATA[java.lang.AssertionError: expected [true] but found [false]
at org.testng.Assert.fail(Assert.java:111)
at org.testng.Assert.failNotEquals(Assert.java:1578)
at org.testng.Assert.assertTrue(Assert.java:57)
at org.testng.Assert.assertTrue(Assert.java:67)
at suites.herapp.TestHerappSuite.testPageNotFound(TestHerappSuite.java:128)
at java.base/jdk.internal.reflect.NativeMethodAccessorImpl.invoke0(Native Method)
at java.base/jdk.internal.reflect.NativeMethodAccessorImpl.invoke(NativeMethodAccessorImpl.java:77)
at java.base/jdk.internal.reflect.DelegatingMethodAccessorImpl.invoke(DelegatingMethodAccessorImpl.java:43)
at java.base/java.lang.reflect.Method.invoke(Method.java:568)
at org.testng.internal.invokers.MethodInvocationHelper.invokeMethod(MethodInvocationHelper.java:139)
at org.testng.internal.invokers.TestInvoker.invokeMethod(TestInvoker.java:664)
at org.testng.internal.invokers.TestInvoker.invokeTestMethod(TestInvoker.java:228)
at org.testng.internal.invokers.MethodRunner.runInSequence(MethodRunner.java:63)
at org.testng.internal.invokers.TestInvoker$MethodInvocationAgent.invoke(TestInvoker.java:961)
at org.testng.internal.invokers.TestInvoker.invokeTestMethods(TestInvoker.java:201)
at org.testng.internal.invokers.TestMethodWorker.invokeTestMethods(TestMethodWorker.java:148)
at org.testng.internal.invokers.TestMethodWorker.run(TestMethodWorker.java:128)
at java.base/java.util.ArrayList.forEach(ArrayList.java:1511)
at org.testng.TestRunner.privateRun(TestRunner.java:819)
at org.testng.TestRunner.run(TestRunner.java:619)
at org.testng.SuiteRunner.runTest(SuiteRunner.java:443)
at org.testng.SuiteRunner.runSequentially(SuiteRunner.java:437)
at org.testng.SuiteRunner.privateRun(SuiteRunner.java:397)
at org.testng.SuiteRunner.run(SuiteRunner.java:336)
at org.testng.SuiteRunnerWorker.runSuite(SuiteRunnerWorker.java:52)
at org.testng.SuiteRunnerWorker.run(SuiteRunnerWorker.java:95)
at org.testng.TestNG.runSuitesSequentially(TestNG.java:1301)
at org.testng.TestNG.runSuitesLocally(TestNG.java:1228)
at org.testng.TestNG.runSuites(TestNG.java:1134)
at org.testng.TestNG.run(TestNG.java:1101)
at org.apache.maven.surefire.testng.TestNGExecutor.run(TestNGExecutor.java:155)
at org.apache.maven.surefire.testng.TestNGDirectoryTestSuite.executeSingleClass(TestNGDirectoryTestSuite.java:102)
at org.apache.maven.surefire.testng.TestNGDirectoryTestSuite.execute(TestNGDirectoryTestSuite.java:91)
at org.apache.maven.surefire.testng.TestNGProvider.invoke(TestNGProvider.java:137)
at org.apache.maven.surefire.booter.ForkedBooter.runSuitesInProcess(ForkedBooter.java:385)
at org.apache.maven.surefire.booter.ForkedBooter.execute(ForkedBooter.java:162)
at org.apache.maven.surefire.booter.ForkedBooter.run(ForkedBooter.java:507)
at org.apache.maven.surefire.booter.ForkedBooter.main(ForkedBooter.java:495)
]]>
            </full-stacktrace>
          </exception> <!-- java.lang.AssertionError -->
          <reporter-output>
          </reporter-output>
        </test-method> <!-- testPageNotFound -->
        <test-method is-config="true" signature="tearDown()[pri:0, instance:suites.herapp.TestHerappSuite@4313f5bc]" started-at="2026-05-06T15:58:55 CET" name="tearDown" finished-at="2026-05-06T15:58:55 CET" duration-ms="1" status="PASS">
          <reporter-output>
          </reporter-output>
        </test-method> <!-- tearDown -->
      </class> <!-- suites.herapp.TestHerappSuite -->
    </test> <!-- Surefire test -->
  </suite> <!-- Surefire suite -->
</testng-results>
