<?xml version="1.0" encoding="UTF-8"?>
<testng-results ignored="0" total="8" passed="8" failed="0" skipped="0">
  <reporter-output>
  </reporter-output>
  <suite started-at="2026-05-07T15:05:56 CET" name="Surefire suite" finished-at="2026-05-07T15:06:10 CET" duration-ms="13748">
    <groups>
    </groups>
    <test started-at="2026-05-07T15:05:56 CET" name="Surefire test" finished-at="2026-05-07T15:06:10 CET" duration-ms="13748">
      <class name="suites.herapp.TestHerappSuite">
        <test-method is-config="true" signature="setUp()[pri:0, instance:suites.herapp.TestHerappSuite@96def03]" started-at="2026-05-07T15:05:56 CET" name="setUp" finished-at="2026-05-07T15:05:57 CET" duration-ms="526" status="PASS">
          <reporter-output>
          </reporter-output>
        </test-method> <!-- setUp -->
        <test-method signature="testLoginSuccess()[pri:1, instance:suites.herapp.TestHerappSuite@96def03]" started-at="2026-05-07T15:05:57 CET" name="testLoginSuccess" finished-at="2026-05-07T15:05:59 CET" duration-ms="2276" status="PASS">
          <reporter-output>
          </reporter-output>
        </test-method> <!-- testLoginSuccess -->
        <test-method is-config="true" signature="tearDown()[pri:0, instance:suites.herapp.TestHerappSuite@96def03]" started-at="2026-05-07T15:05:59 CET" name="tearDown" finished-at="2026-05-07T15:05:59 CET" duration-ms="3" status="PASS">
          <reporter-output>
          </reporter-output>
        </test-method> <!-- tearDown -->
        <test-method is-config="true" signature="setUp()[pri:0, instance:suites.herapp.TestHerappSuite@96def03]" started-at="2026-05-07T15:05:59 CET" name="setUp" finished-at="2026-05-07T15:05:59 CET" duration-ms="6" status="PASS">
          <reporter-output>
          </reporter-output>
        </test-method> <!-- setUp -->
        <test-method signature="testLoginFailure()[pri:2, instance:suites.herapp.TestHerappSuite@96def03]" started-at="2026-05-07T15:05:59 CET" name="testLoginFailure" finished-at="2026-05-07T15:06:01 CET" duration-ms="1779" status="PASS">
          <reporter-output>
          </reporter-output>
        </test-method> <!-- testLoginFailure -->
        <test-method is-config="true" signature="tearDown()[pri:0, instance:suites.herapp.TestHerappSuite@96def03]" started-at="2026-05-07T15:06:01 CET" name="tearDown" finished-at="2026-05-07T15:06:01 CET" duration-ms="1" status="PASS">
          <reporter-output>
          </reporter-output>
        </test-method> <!-- tearDown -->
        <test-method is-config="true" signature="setUp()[pri:0, instance:suites.herapp.TestHerappSuite@96def03]" started-at="2026-05-07T15:06:01 CET" name="setUp" finished-at="2026-05-07T15:06:01 CET" duration-ms="6" status="PASS">
          <reporter-output>
          </reporter-output>
        </test-method> <!-- setUp -->
        <test-method signature="testCheckbox()[pri:3, instance:suites.herapp.TestHerappSuite@96def03]" started-at="2026-05-07T15:06:01 CET" name="testCheckbox" finished-at="2026-05-07T15:06:03 CET" duration-ms="1502" status="PASS">
          <reporter-output>
          </reporter-output>
        </test-method> <!-- testCheckbox -->
        <test-method is-config="true" signature="tearDown()[pri:0, instance:suites.herapp.TestHerappSuite@96def03]" started-at="2026-05-07T15:06:03 CET" name="tearDown" finished-at="2026-05-07T15:06:03 CET" duration-ms="1" status="PASS">
          <reporter-output>
          </reporter-output>
        </test-method> <!-- tearDown -->
        <test-method is-config="true" signature="setUp()[pri:0, instance:suites.herapp.TestHerappSuite@96def03]" started-at="2026-05-07T15:06:03 CET" name="setUp" finished-at="2026-05-07T15:06:03 CET" duration-ms="6" status="PASS">
          <reporter-output>
          </reporter-output>
        </test-method> <!-- setUp -->
        <test-method signature="testFileUpload()[pri:4, instance:suites.herapp.TestHerappSuite@96def03]" started-at="2026-05-07T15:06:03 CET" name="testFileUpload" finished-at="2026-05-07T15:06:04 CET" duration-ms="1575" status="PASS">
          <reporter-output>
          </reporter-output>
        </test-method> <!-- testFileUpload -->
        <test-method is-config="true" signature="tearDown()[pri:0, instance:suites.herapp.TestHerappSuite@96def03]" started-at="2026-05-07T15:06:04 CET" name="tearDown" finished-at="2026-05-07T15:06:04 CET" duration-ms="1" status="PASS">
          <reporter-output>
          </reporter-output>
        </test-method> <!-- tearDown -->
        <test-method is-config="true" signature="setUp()[pri:0, instance:suites.herapp.TestHerappSuite@96def03]" started-at="2026-05-07T15:06:04 CET" name="setUp" finished-at="2026-05-07T15:06:04 CET" duration-ms="11" status="PASS">
          <reporter-output>
          </reporter-output>
        </test-method> <!-- setUp -->
        <test-method signature="testSecurePageAfterLogin()[pri:5, instance:suites.herapp.TestHerappSuite@96def03]" started-at="2026-05-07T15:06:04 CET" name="testSecurePageAfterLogin" finished-at="2026-05-07T15:06:06 CET" duration-ms="1889" status="PASS">
          <reporter-output>
          </reporter-output>
        </test-method> <!-- testSecurePageAfterLogin -->
        <test-method is-config="true" signature="tearDown()[pri:0, instance:suites.herapp.TestHerappSuite@96def03]" started-at="2026-05-07T15:06:06 CET" name="tearDown" finished-at="2026-05-07T15:06:06 CET" duration-ms="0" status="PASS">
          <reporter-output>
          </reporter-output>
        </test-method> <!-- tearDown -->
        <test-method is-config="true" signature="setUp()[pri:0, instance:suites.herapp.TestHerappSuite@96def03]" started-at="2026-05-07T15:06:06 CET" name="setUp" finished-at="2026-05-07T15:06:06 CET" duration-ms="7" status="PASS">
          <reporter-output>
          </reporter-output>
        </test-method> <!-- setUp -->
        <test-method signature="testLogout()[pri:6, instance:suites.herapp.TestHerappSuite@96def03]" started-at="2026-05-07T15:06:06 CET" name="testLogout" finished-at="2026-05-07T15:06:08 CET" duration-ms="2067" status="PASS">
          <reporter-output>
          </reporter-output>
        </test-method> <!-- testLogout -->
        <test-method is-config="true" signature="tearDown()[pri:0, instance:suites.herapp.TestHerappSuite@96def03]" started-at="2026-05-07T15:06:08 CET" name="tearDown" finished-at="2026-05-07T15:06:08 CET" duration-ms="1" status="PASS">
          <reporter-output>
          </reporter-output>
        </test-method> <!-- tearDown -->
        <test-method is-config="true" signature="setUp()[pri:0, instance:suites.herapp.TestHerappSuite@96def03]" started-at="2026-05-07T15:06:08 CET" name="setUp" finished-at="2026-05-07T15:06:08 CET" duration-ms="6" status="PASS">
          <reporter-output>
          </reporter-output>
        </test-method> <!-- setUp -->
        <test-method signature="testDropdown()[pri:7, instance:suites.herapp.TestHerappSuite@96def03]" started-at="2026-05-07T15:06:08 CET" name="testDropdown" finished-at="2026-05-07T15:06:10 CET" duration-ms="1486" status="PASS">
          <reporter-output>
          </reporter-output>
        </test-method> <!-- testDropdown -->
        <test-method is-config="true" signature="tearDown()[pri:0, instance:suites.herapp.TestHerappSuite@96def03]" started-at="2026-05-07T15:06:10 CET" name="tearDown" finished-at="2026-05-07T15:06:10 CET" duration-ms="1" status="PASS">
          <reporter-output>
          </reporter-output>
        </test-method> <!-- tearDown -->
        <test-method is-config="true" signature="setUp()[pri:0, instance:suites.herapp.TestHerappSuite@96def03]" started-at="2026-05-07T15:06:10 CET" name="setUp" finished-at="2026-05-07T15:06:10 CET" duration-ms="6" status="PASS">
          <reporter-output>
          </reporter-output>
        </test-method> <!-- setUp -->
        <test-method signature="testPageNotFound()[pri:8, instance:suites.herapp.TestHerappSuite@96def03]" started-at="2026-05-07T15:06:10 CET" name="testPageNotFound" finished-at="2026-05-07T15:06:10 CET" duration-ms="556" status="PASS">
          <reporter-output>
          </reporter-output>
        </test-method> <!-- testPageNotFound -->
        <test-method is-config="true" signature="tearDown()[pri:0, instance:suites.herapp.TestHerappSuite@96def03]" started-at="2026-05-07T15:06:10 CET" name="tearDown" finished-at="2026-05-07T15:06:10 CET" duration-ms="0" status="PASS">
          <reporter-output>
          </reporter-output>
        </test-method> <!-- tearDown -->
      </class> <!-- suites.herapp.TestHerappSuite -->
    </test> <!-- Surefire test -->
  </suite> <!-- Surefire suite -->
</testng-results>
