<?xml version="1.0" encoding="UTF-8"?>
<!-- Generated by org.testng.reporters.JUnitReportReporter -->
<testsuite hostname="ILYES" failures="0" tests="8" name="suites.herapp.TestHerappSuite" time="13.712" errors="0" timestamp="2026-05-07T15:06:10 CET" skipped="0">
  <testcase classname="suites.herapp.TestHerappSuite" name="testLoginSuccess" time="2.288"/>
  <testcase classname="suites.herapp.TestHerappSuite" name="testLoginFailure" time="2.306"/>
  <testcase classname="suites.herapp.TestHerappSuite" name="testCheckbox" time="1.512"/>
  <testcase classname="suites.herapp.TestHerappSuite" name="testFileUpload" time="1.582"/>
  <testcase classname="suites.herapp.TestHerappSuite" name="testSecurePageAfterLogin" time="1.896"/>
  <testcase classname="suites.herapp.TestHerappSuite" name="testLogout" time="2.073"/>
  <testcase classname="suites.herapp.TestHerappSuite" name="testDropdown" time="1.492"/>
  <testcase classname="suites.herapp.TestHerappSuite" name="testPageNotFound" time="0.563"/>
</testsuite> <!-- suites.herapp.TestHerappSuite -->
