<?xml version="1.0" encoding="UTF-8"?>
<!-- Generated by org.testng.reporters.JUnitReportReporter -->
<testsuite hostname="ILYES" failures="0" tests="2" name="suites.unit.CompteServiceTest" time="0.785" errors="0" timestamp="2026-05-07T15:05:16 CET" skipped="0">
  <testcase classname="suites.unit.CompteServiceTest" name="testConversionEURtoUSD" time="0.784"/>
  <testcase classname="suites.unit.CompteServiceTest" name="testConversionZero" time="0.001"/>
</testsuite> <!-- suites.unit.CompteServiceTest -->
