<?xml version="1.0" encoding="UTF-8"?>
<!-- Generated by org.testng.reporters.JUnitReportReporter -->
<testsuite hostname="ILYES" failures="0" tests="2" name="suites.integration.TestBaseH2" time="0.198" errors="0" timestamp="2026-05-07T15:05:45 CET" skipped="0">
  <testcase classname="suites.integration.TestBaseH2" name="testInsertAndSelect" time="0.191"/>
  <testcase classname="suites.integration.TestBaseH2" name="testDuplicateKey" time="0.007"/>
</testsuite> <!-- suites.integration.TestBaseH2 -->
